<?xml version="1.0" encoding="UTF-8"?>
<!-- Generated by org.testng.reporters.JUnitXMLReporter -->
<testsuite ignored="0" hostname="MJANGID-M-KH52" failures="0" tests="4" name="Submit Order Test" time="33.47" errors="0" timestamp="2023-09-19T15:04:31 IST">
  <testcase classname="cisco.tests.SubmitOrderTest" name="submitOrder" time="4.068"/>
  <testcase classname="cisco.tests.SubmitOrderTest" name="submitOrder" time="3.964"/>
  <testcase classname="cisco.tests.SubmitOrderTest" name="orderHistoryTest" time="0.581"/>
  <testcase classname="cisco.tests.SubmitOrderTest" name="orderHistoryTest" time="0.604"/>
</testsuite> <!-- Submit Order Test -->
