<?xml version="1.0" encoding="UTF-8"?>
<!-- Generated by org.testng.reporters.JUnitXMLReporter -->
<testsuite ignored="0" hostname="MJANGID-M-KH52" failures="0" tests="3" name="Test" time="33.623" errors="0" timestamp="2023-09-16T18:23:50 IST">
  <testcase classname="cisco.tests.SubmitOrderTest" name="submitOrder" time="5.0"/>
  <testcase classname="cisco.tests.ErrorValidationsTest" name="loginErrorValidation" time="0.318"/>
  <testcase classname="cisco.tests.ErrorValidationsTest" name="productErrorValidation" time="3.571"/>
</testsuite> <!-- Test -->
